mode: set
stripe-demo/services/payment-service/internal/handlers/handlers.go:26.93,31.2 1 1
stripe-demo/services/payment-service/internal/handlers/handlers.go:33.73,42.16 7 1
stripe-demo/services/payment-service/internal/handlers/handlers.go:42.16,45.37 3 1
stripe-demo/services/payment-service/internal/handlers/handlers.go:45.37,48.4 2 1
stripe-demo/services/payment-service/internal/handlers/handlers.go:48.9,48.42 1 1
stripe-demo/services/payment-service/internal/handlers/handlers.go:48.42,51.4 2 1
stripe-demo/services/payment-service/internal/handlers/handlers.go:51.9,55.4 2 0
stripe-demo/services/payment-service/internal/handlers/handlers.go:56.3,56.9 1 1
stripe-demo/services/payment-service/internal/handlers/handlers.go:59.2,59.53 1 1
stripe-demo/services/payment-service/internal/handlers/handlers.go:59.53,63.3 3 1
stripe-demo/services/payment-service/internal/handlers/handlers.go:65.2,66.16 2 1
stripe-demo/services/payment-service/internal/handlers/handlers.go:66.16,70.3 3 1
stripe-demo/services/payment-service/internal/handlers/handlers.go:71.2,89.37 6 1
stripe-demo/services/payment-service/internal/handlers/handlers.go:92.66,93.21 1 1
stripe-demo/services/payment-service/internal/handlers/handlers.go:93.21,95.3 1 1
stripe-demo/services/payment-service/internal/handlers/handlers.go:96.2,96.24 1 1
stripe-demo/services/payment-service/internal/handlers/handlers.go:96.24,98.3 1 1
stripe-demo/services/payment-service/internal/handlers/handlers.go:99.2,99.26 1 1
stripe-demo/services/payment-service/internal/handlers/handlers.go:99.27,103.3 0 0
stripe-demo/services/payment-service/internal/handlers/handlers.go:104.2,104.12 1 1
stripe-demo/services/payment-service/internal/handlers/handlers.go:107.70,113.40 5 1
stripe-demo/services/payment-service/internal/handlers/handlers.go:113.40,117.3 3 1
stripe-demo/services/payment-service/internal/handlers/handlers.go:119.2,120.16 2 1
stripe-demo/services/payment-service/internal/handlers/handlers.go:120.16,124.3 3 1
stripe-demo/services/payment-service/internal/handlers/handlers.go:125.2,128.28 3 1
stripe-demo/services/payment-service/internal/handlers/handlers.go:128.28,130.3 1 1
stripe-demo/services/payment-service/internal/handlers/handlers.go:132.2,145.36 3 1
stripe-demo/services/payment-service/internal/handlers/handlers.go:148.71,155.2 2 1
