mode: set
stripe-demo/services/payment-service/main.go:27.32,30.21 2 0
stripe-demo/services/payment-service/main.go:30.21,33.3 2 0
stripe-demo/services/payment-service/main.go:35.2,55.10 12 0
stripe-demo/services/payment-service/main.go:59.66,60.20 1 0
stripe-demo/services/payment-service/main.go:60.20,68.3 1 0
stripe-demo/services/payment-service/main.go:69.2,69.12 1 0
stripe-demo/services/payment-service/main.go:73.37,85.16 5 0
stripe-demo/services/payment-service/main.go:85.16,87.3 1 0
stripe-demo/services/payment-service/main.go:90.2,98.12 4 0
stripe-demo/services/payment-service/main.go:98.12,99.79 1 0
stripe-demo/services/payment-service/main.go:99.79,101.4 1 0
stripe-demo/services/payment-service/main.go:105.2,105.12 1 0
stripe-demo/services/payment-service/main.go:105.12,112.54 5 0
stripe-demo/services/payment-service/main.go:112.54,115.4 2 0
stripe-demo/services/payment-service/main.go:119.2,119.9 1 0
stripe-demo/services/payment-service/main.go:120.29,121.13 1 0
stripe-demo/services/payment-service/main.go:122.20,123.13 1 0
stripe-demo/services/payment-service/main.go:127.13,132.33 3 0
stripe-demo/services/payment-service/main.go:132.33,135.3 2 0
stripe-demo/services/payment-service/main.go:137.2,137.52 1 0
stripe-demo/services/payment-service/internal/handlers/handlers.go:25.88,30.2 1 1
stripe-demo/services/payment-service/internal/handlers/handlers.go:32.73,41.16 7 1
stripe-demo/services/payment-service/internal/handlers/handlers.go:41.16,44.37 3 1
stripe-demo/services/payment-service/internal/handlers/handlers.go:44.37,47.4 2 1
stripe-demo/services/payment-service/internal/handlers/handlers.go:47.9,47.42 1 1
stripe-demo/services/payment-service/internal/handlers/handlers.go:47.42,50.4 2 1
stripe-demo/services/payment-service/internal/handlers/handlers.go:50.9,54.4 2 0
stripe-demo/services/payment-service/internal/handlers/handlers.go:55.3,55.9 1 1
stripe-demo/services/payment-service/internal/handlers/handlers.go:58.2,58.53 1 1
stripe-demo/services/payment-service/internal/handlers/handlers.go:58.53,62.3 3 1
stripe-demo/services/payment-service/internal/handlers/handlers.go:64.2,65.16 2 1
stripe-demo/services/payment-service/internal/handlers/handlers.go:65.16,69.3 3 1
stripe-demo/services/payment-service/internal/handlers/handlers.go:70.2,88.37 6 1
stripe-demo/services/payment-service/internal/handlers/handlers.go:91.66,92.21 1 1
stripe-demo/services/payment-service/internal/handlers/handlers.go:92.21,94.3 1 1
stripe-demo/services/payment-service/internal/handlers/handlers.go:95.2,95.24 1 1
stripe-demo/services/payment-service/internal/handlers/handlers.go:95.24,97.3 1 1
stripe-demo/services/payment-service/internal/handlers/handlers.go:98.2,98.26 1 1
stripe-demo/services/payment-service/internal/handlers/handlers.go:98.27,102.3 0 0
stripe-demo/services/payment-service/internal/handlers/handlers.go:103.2,103.12 1 1
stripe-demo/services/payment-service/internal/handlers/handlers.go:106.70,112.40 5 1
stripe-demo/services/payment-service/internal/handlers/handlers.go:112.40,116.3 3 1
stripe-demo/services/payment-service/internal/handlers/handlers.go:118.2,119.16 2 1
stripe-demo/services/payment-service/internal/handlers/handlers.go:119.16,123.3 3 1
stripe-demo/services/payment-service/internal/handlers/handlers.go:124.2,127.28 3 1
stripe-demo/services/payment-service/internal/handlers/handlers.go:127.28,129.3 1 1
stripe-demo/services/payment-service/internal/handlers/handlers.go:131.2,144.36 3 1
stripe-demo/services/payment-service/internal/handlers/handlers.go:147.71,154.2 2 1
stripe-demo/services/payment-service/internal/config/config.go:28.37,30.21 2 1
stripe-demo/services/payment-service/internal/config/config.go:30.21,32.3 1 0
stripe-demo/services/payment-service/internal/config/config.go:33.2,34.16 2 1
stripe-demo/services/payment-service/internal/config/config.go:34.16,36.3 1 1
stripe-demo/services/payment-service/internal/config/config.go:37.2,47.3 1 1
stripe-demo/services/payment-service/internal/config/config.go:51.42,52.18 1 1
stripe-demo/services/payment-service/internal/config/config.go:52.18,54.3 1 1
stripe-demo/services/payment-service/internal/config/config.go:55.2,55.29 1 1
stripe-demo/services/payment-service/internal/config/config.go:55.29,57.3 1 1
stripe-demo/services/payment-service/internal/config/config.go:58.2,58.53 1 1
stripe-demo/services/payment-service/internal/config/config.go:58.53,60.3 1 1
stripe-demo/services/payment-service/internal/config/config.go:61.2,61.122 1 1
stripe-demo/services/payment-service/internal/config/config.go:61.122,63.3 1 1
stripe-demo/services/payment-service/internal/config/config.go:64.2,64.12 1 1
