mode: set
stripe-demo/services/payment-service/main.go:31.32,34.21 2 1
stripe-demo/services/payment-service/main.go:34.21,38.3 3 1
stripe-demo/services/payment-service/main.go:40.2,60.10 12 1
stripe-demo/services/payment-service/main.go:64.66,65.20 1 1
stripe-demo/services/payment-service/main.go:65.20,73.3 1 1
stripe-demo/services/payment-service/main.go:74.2,74.12 1 1
stripe-demo/services/payment-service/main.go:78.37,90.16 5 1
stripe-demo/services/payment-service/main.go:90.16,92.3 1 0
stripe-demo/services/payment-service/main.go:95.2,103.12 4 1
stripe-demo/services/payment-service/main.go:103.12,104.79 1 1
stripe-demo/services/payment-service/main.go:104.79,106.4 1 0
stripe-demo/services/payment-service/main.go:110.2,110.12 1 1
stripe-demo/services/payment-service/main.go:110.12,117.54 5 1
stripe-demo/services/payment-service/main.go:117.54,120.4 2 0
stripe-demo/services/payment-service/main.go:124.2,124.9 1 1
stripe-demo/services/payment-service/main.go:125.29,126.13 1 0
stripe-demo/services/payment-service/main.go:127.20,128.13 1 1
stripe-demo/services/payment-service/main.go:132.13,137.33 3 0
stripe-demo/services/payment-service/main.go:137.33,140.3 2 0
stripe-demo/services/payment-service/main.go:142.2,142.52 1 0
stripe-demo/services/payment-service/internal/config/config.go:28.37,30.21 2 1
stripe-demo/services/payment-service/internal/config/config.go:30.21,32.3 1 0
stripe-demo/services/payment-service/internal/config/config.go:33.2,34.16 2 1
stripe-demo/services/payment-service/internal/config/config.go:34.16,36.3 1 1
stripe-demo/services/payment-service/internal/config/config.go:37.2,47.3 1 1
stripe-demo/services/payment-service/internal/config/config.go:51.42,52.18 1 1
stripe-demo/services/payment-service/internal/config/config.go:52.18,54.3 1 1
stripe-demo/services/payment-service/internal/config/config.go:55.2,55.29 1 1
stripe-demo/services/payment-service/internal/config/config.go:55.29,57.3 1 1
stripe-demo/services/payment-service/internal/config/config.go:58.2,58.53 1 1
stripe-demo/services/payment-service/internal/config/config.go:58.53,60.3 1 1
stripe-demo/services/payment-service/internal/config/config.go:61.2,61.122 1 1
stripe-demo/services/payment-service/internal/config/config.go:61.122,63.3 1 1
stripe-demo/services/payment-service/internal/config/config.go:64.2,64.12 1 1
stripe-demo/services/payment-service/internal/handlers/handlers.go:25.88,30.2 1 1
stripe-demo/services/payment-service/internal/handlers/handlers.go:32.73,41.16 7 1
stripe-demo/services/payment-service/internal/handlers/handlers.go:41.16,44.37 3 1
stripe-demo/services/payment-service/internal/handlers/handlers.go:44.37,47.4 2 1
stripe-demo/services/payment-service/internal/handlers/handlers.go:47.9,47.42 1 1
stripe-demo/services/payment-service/internal/handlers/handlers.go:47.42,50.4 2 1
stripe-demo/services/payment-service/internal/handlers/handlers.go:50.9,54.4 2 0
stripe-demo/services/payment-service/internal/handlers/handlers.go:55.3,55.9 1 1
stripe-demo/services/payment-service/internal/handlers/handlers.go:58.2,58.53 1 1
stripe-demo/services/payment-service/internal/handlers/handlers.go:58.53,62.3 3 1
stripe-demo/services/payment-service/internal/handlers/handlers.go:64.2,65.16 2 1
stripe-demo/services/payment-service/internal/handlers/handlers.go:65.16,69.3 3 1
stripe-demo/services/payment-service/internal/handlers/handlers.go:70.2,88.37 6 1
stripe-demo/services/payment-service/internal/handlers/handlers.go:91.66,92.21 1 1
stripe-demo/services/payment-service/internal/handlers/handlers.go:92.21,94.3 1 1
stripe-demo/services/payment-service/internal/handlers/handlers.go:95.2,95.24 1 1
stripe-demo/services/payment-service/internal/handlers/handlers.go:95.24,97.3 1 1
stripe-demo/services/payment-service/internal/handlers/handlers.go:98.2,98.26 1 1
stripe-demo/services/payment-service/internal/handlers/handlers.go:98.27,102.3 0 0
stripe-demo/services/payment-service/internal/handlers/handlers.go:103.2,103.12 1 1
stripe-demo/services/payment-service/internal/handlers/handlers.go:106.70,112.40 5 1
stripe-demo/services/payment-service/internal/handlers/handlers.go:112.40,116.3 3 1
stripe-demo/services/payment-service/internal/handlers/handlers.go:118.2,119.16 2 1
stripe-demo/services/payment-service/internal/handlers/handlers.go:119.16,123.3 3 1
stripe-demo/services/payment-service/internal/handlers/handlers.go:124.2,127.28 3 1
stripe-demo/services/payment-service/internal/handlers/handlers.go:127.28,129.3 1 1
stripe-demo/services/payment-service/internal/handlers/handlers.go:131.2,144.36 3 1
stripe-demo/services/payment-service/internal/handlers/handlers.go:147.71,154.2 2 1
