mode: set
stripe-demo/shared/middleware/circuitbreaker.go:13.93,14.71 1 1
stripe-demo/shared/middleware/circuitbreaker.go:14.71,19.52 2 1
stripe-demo/shared/middleware/circuitbreaker.go:19.52,23.50 2 1
stripe-demo/shared/middleware/circuitbreaker.go:23.50,25.5 1 1
stripe-demo/shared/middleware/circuitbreaker.go:26.4,26.19 1 1
stripe-demo/shared/middleware/circuitbreaker.go:30.3,30.36 1 1
stripe-demo/shared/middleware/circuitbreaker.go:30.36,33.4 2 1
stripe-demo/shared/middleware/circuitbreaker.go:36.3,36.34 1 1
stripe-demo/shared/middleware/circuitbreaker.go:36.34,38.4 1 1
stripe-demo/shared/middleware/circuitbreaker.go:39.3,40.35 2 1
stripe-demo/shared/middleware/common.go:12.64,13.71 1 1
stripe-demo/shared/middleware/common.go:13.71,19.3 4 1
stripe-demo/shared/middleware/common.go:23.56,24.71 1 1
stripe-demo/shared/middleware/common.go:24.71,30.3 3 1
stripe-demo/shared/middleware/jwt.go:12.52,13.71 1 1
stripe-demo/shared/middleware/jwt.go:13.71,15.48 2 1
stripe-demo/shared/middleware/jwt.go:15.48,18.4 2 1
stripe-demo/shared/middleware/jwt.go:20.3,22.81 2 1
stripe-demo/shared/middleware/jwt.go:22.81,24.4 1 1
stripe-demo/shared/middleware/jwt.go:26.3,26.33 1 1
stripe-demo/shared/middleware/jwt.go:26.33,29.4 2 1
stripe-demo/shared/middleware/jwt.go:31.3,31.23 1 1
stripe-demo/shared/middleware/ratelimit.go:36.58,38.19 2 1
stripe-demo/shared/middleware/ratelimit.go:38.19,40.3 1 0
stripe-demo/shared/middleware/ratelimit.go:42.2,47.3 1 1
stripe-demo/shared/middleware/ratelimit.go:51.67,52.71 1 1
stripe-demo/shared/middleware/ratelimit.go:52.71,56.32 2 1
stripe-demo/shared/middleware/ratelimit.go:56.32,61.4 3 1
stripe-demo/shared/middleware/ratelimit.go:64.3,67.14 3 1
stripe-demo/shared/middleware/ratelimit.go:67.14,71.52 3 1
stripe-demo/shared/middleware/ratelimit.go:71.52,72.34 1 1
stripe-demo/shared/middleware/ratelimit.go:72.34,73.17 1 1
stripe-demo/shared/middleware/ratelimit.go:73.17,77.12 3 1
stripe-demo/shared/middleware/ratelimit.go:82.3,84.23 2 1
stripe-demo/shared/middleware/ratelimit.go:84.23,89.4 3 1
stripe-demo/shared/middleware/ratelimit.go:91.3,91.23 1 1
stripe-demo/shared/middleware/ratelimit.go:97.36,99.21 2 1
stripe-demo/shared/middleware/ratelimit.go:99.21,102.3 2 1
stripe-demo/shared/middleware/ratelimit.go:104.2,105.20 2 1
stripe-demo/shared/middleware/ratelimit.go:105.20,107.3 1 1
stripe-demo/shared/middleware/ratelimit.go:109.2,109.21 1 0
stripe-demo/shared/middleware/rbac.go:17.68,18.71 1 1
stripe-demo/shared/middleware/rbac.go:18.71,20.49 2 1
stripe-demo/shared/middleware/rbac.go:20.49,23.4 2 1
stripe-demo/shared/middleware/rbac.go:25.3,25.23 1 1
stripe-demo/shared/middleware/validate.go:7.57,8.71 1 1
stripe-demo/shared/middleware/validate.go:8.71,11.3 1 1
